{"level":"info","message":"Solicitação POST recebida para /login","timestamp":"2023-11-28T14:59:26.706Z","method":"POST","url":"/login"}
{"level":"info","message":"Solicitação GET recebida para /Login","timestamp":"2023-11-28T14:59:47.277Z","method":"GET","url":"/Login"}
{"level":"info","message":"Solicitação GET recebida para /","timestamp":"2023-11-28T15:00:07.634Z","method":"GET","url":"/"}
{"level":"info","message":"Solicitação GET recebida para /home","timestamp":"2023-11-29T10:23:02.798Z","method":"GET","url":"/home"}
{"level":"info","message":"Solicitação GET recebida para /home","timestamp":"2023-11-29T10:23:20.868Z","method":"GET","url":"/home"}
{"level":"info","message":"Solicitação GET recebida para /home","timestamp":"2023-11-29T10:23:30.032Z","method":"GET","url":"/home"}
{"level":"info","message":"Solicitação GET recebida para /home","timestamp":"2023-11-29T10:26:50.318Z","method":"GET","url":"/home"}
{"level":"info","message":"Solicitação GET recebida para /","timestamp":"2023-11-29T10:32:30.282Z","method":"GET","url":"/"}
{"level":"info","message":"Solicitação GET recebida para /styles/style.css","timestamp":"2023-11-29T10:32:30.370Z","method":"GET","url":"/styles/style.css"}
{"level":"info","message":"Solicitação GET recebida para /scripts/script.js","timestamp":"2023-11-29T10:32:30.372Z","method":"GET","url":"/scripts/script.js"}
{"level":"info","message":"Solicitação GET recebida para /favicon.ico","timestamp":"2023-11-29T10:32:31.344Z","method":"GET","url":"/favicon.ico"}
{"level":"info","message":"Solicitação GET recebida para /test","timestamp":"2023-11-29T10:37:09.234Z","method":"GET","url":"/test"}
{"level":"info","message":"Solicitação GET recebida para /test","timestamp":"2023-11-29T10:43:03.299Z","method":"GET","url":"/test"}
{"level":"info","message":"Solicitação GET recebida para /test","timestamp":"2023-11-29T10:47:44.198Z","method":"GET","url":"/test"}
{"level":"info","message":"Solicitação GET recebida para /test","timestamp":"2023-11-29T10:48:56.613Z","method":"GET","url":"/test"}
{"level":"info","message":"Solicitação GET recebida para /test","timestamp":"2023-11-29T10:49:44.984Z","method":"GET","url":"/test"}
{"level":"info","message":"Solicitação POST recebida para /login","timestamp":"2023-11-29T10:50:27.404Z","method":"POST","url":"/login"}
{"level":"info","message":"Solicitação GET recebida para /test","timestamp":"2023-11-29T10:51:07.735Z","method":"GET","url":"/test"}
{"level":"info","message":"Solicitação GET recebida para /home","timestamp":"2023-11-29T10:52:01.987Z","method":"GET","url":"/home"}
{"level":"info","message":"Solicitação GET recebida para /test","timestamp":"2023-11-29T10:56:31.054Z","method":"GET","url":"/test"}
{"level":"info","message":"Solicitação GET recebida para /test","timestamp":"2023-11-29T10:57:38.535Z","method":"GET","url":"/test"}
{"level":"info","message":"Solicitação GET recebida para /test","timestamp":"2023-11-29T10:58:20.168Z","method":"GET","url":"/test"}
{"level":"info","message":"Solicitação GET recebida para /historico","timestamp":"2023-11-29T11:01:29.725Z","method":"GET","url":"/historico"}
{"level":"info","message":"Solicitação GET recebida para /historico","timestamp":"2023-11-29T11:02:00.609Z","method":"GET","url":"/historico"}
{"level":"info","message":"Solicitação GET recebida para /test","timestamp":"2023-11-29T11:02:56.318Z","method":"GET","url":"/test"}
{"level":"info","message":"Solicitação GET recebida para /test","timestamp":"2023-11-29T11:03:33.316Z","method":"GET","url":"/test"}
{"level":"info","message":"Solicitação GET recebida para /test","timestamp":"2023-11-29T11:03:50.164Z","method":"GET","url":"/test"}
{"level":"info","message":"Solicitação GET recebida para /test","timestamp":"2023-11-29T11:10:56.998Z","method":"GET","url":"/test"}
{"level":"info","message":"Solicitação GET recebida para /test","timestamp":"2023-11-29T11:11:40.758Z","method":"GET","url":"/test"}
{"level":"info","message":"Solicitação GET recebida para /test","timestamp":"2023-11-29T11:12:27.118Z","method":"GET","url":"/test"}
